mode: set
gitlab.eng.vmware.com/core-build/uhana_piran/controllers/localpv_controller.go:65.78,72.16 5 0
gitlab.eng.vmware.com/core-build/uhana_piran/controllers/localpv_controller.go:81.2,81.43 1 0
gitlab.eng.vmware.com/core-build/uhana_piran/controllers/localpv_controller.go:85.2,85.66 1 0
gitlab.eng.vmware.com/core-build/uhana_piran/controllers/localpv_controller.go:93.2,93.45 1 0
gitlab.eng.vmware.com/core-build/uhana_piran/controllers/localpv_controller.go:72.16,73.29 1 0
gitlab.eng.vmware.com/core-build/uhana_piran/controllers/localpv_controller.go:73.29,78.4 2 0
gitlab.eng.vmware.com/core-build/uhana_piran/controllers/localpv_controller.go:81.43,84.3 1 0
gitlab.eng.vmware.com/core-build/uhana_piran/controllers/localpv_controller.go:85.66,88.17 2 0
gitlab.eng.vmware.com/core-build/uhana_piran/controllers/localpv_controller.go:88.17,91.4 2 0
gitlab.eng.vmware.com/core-build/uhana_piran/controllers/localpv_controller.go:96.126,100.16 3 0
gitlab.eng.vmware.com/core-build/uhana_piran/controllers/localpv_controller.go:103.2,103.48 1 0
gitlab.eng.vmware.com/core-build/uhana_piran/controllers/localpv_controller.go:108.2,111.29 3 0
gitlab.eng.vmware.com/core-build/uhana_piran/controllers/localpv_controller.go:125.2,126.57 2 0
gitlab.eng.vmware.com/core-build/uhana_piran/controllers/localpv_controller.go:131.2,131.52 1 0
gitlab.eng.vmware.com/core-build/uhana_piran/controllers/localpv_controller.go:146.2,147.16 2 0
gitlab.eng.vmware.com/core-build/uhana_piran/controllers/localpv_controller.go:150.2,151.16 2 0
gitlab.eng.vmware.com/core-build/uhana_piran/controllers/localpv_controller.go:154.2,154.27 1 0
gitlab.eng.vmware.com/core-build/uhana_piran/controllers/localpv_controller.go:100.16,102.3 1 0
gitlab.eng.vmware.com/core-build/uhana_piran/controllers/localpv_controller.go:103.48,107.3 3 0
gitlab.eng.vmware.com/core-build/uhana_piran/controllers/localpv_controller.go:111.29,113.49 1 0
gitlab.eng.vmware.com/core-build/uhana_piran/controllers/localpv_controller.go:113.49,116.4 2 0
gitlab.eng.vmware.com/core-build/uhana_piran/controllers/localpv_controller.go:116.9,118.32 2 0
gitlab.eng.vmware.com/core-build/uhana_piran/controllers/localpv_controller.go:122.4,122.55 1 0
gitlab.eng.vmware.com/core-build/uhana_piran/controllers/localpv_controller.go:118.32,120.13 2 0
gitlab.eng.vmware.com/core-build/uhana_piran/controllers/localpv_controller.go:126.57,130.3 3 0
gitlab.eng.vmware.com/core-build/uhana_piran/controllers/localpv_controller.go:131.52,135.52 3 0
gitlab.eng.vmware.com/core-build/uhana_piran/controllers/localpv_controller.go:135.52,141.18 5 0
gitlab.eng.vmware.com/core-build/uhana_piran/controllers/localpv_controller.go:141.18,143.5 1 0
gitlab.eng.vmware.com/core-build/uhana_piran/controllers/localpv_controller.go:147.16,149.3 1 0
gitlab.eng.vmware.com/core-build/uhana_piran/controllers/localpv_controller.go:151.16,153.3 1 0
gitlab.eng.vmware.com/core-build/uhana_piran/controllers/localpv_controller.go:157.126,160.16 3 0
gitlab.eng.vmware.com/core-build/uhana_piran/controllers/localpv_controller.go:164.2,165.16 2 0
gitlab.eng.vmware.com/core-build/uhana_piran/controllers/localpv_controller.go:169.2,169.27 1 0
gitlab.eng.vmware.com/core-build/uhana_piran/controllers/localpv_controller.go:160.16,162.3 1 0
gitlab.eng.vmware.com/core-build/uhana_piran/controllers/localpv_controller.go:165.16,168.3 2 0
gitlab.eng.vmware.com/core-build/uhana_piran/controllers/localpv_controller.go:172.106,181.34 6 0
gitlab.eng.vmware.com/core-build/uhana_piran/controllers/localpv_controller.go:205.2,207.16 3 0
gitlab.eng.vmware.com/core-build/uhana_piran/controllers/localpv_controller.go:211.2,212.16 2 0
gitlab.eng.vmware.com/core-build/uhana_piran/controllers/localpv_controller.go:215.2,215.12 1 0
gitlab.eng.vmware.com/core-build/uhana_piran/controllers/localpv_controller.go:181.34,184.24 2 0
gitlab.eng.vmware.com/core-build/uhana_piran/controllers/localpv_controller.go:197.3,199.17 3 0
gitlab.eng.vmware.com/core-build/uhana_piran/controllers/localpv_controller.go:184.24,186.18 2 0
gitlab.eng.vmware.com/core-build/uhana_piran/controllers/localpv_controller.go:190.4,192.18 3 0
gitlab.eng.vmware.com/core-build/uhana_piran/controllers/localpv_controller.go:186.18,189.5 2 0
gitlab.eng.vmware.com/core-build/uhana_piran/controllers/localpv_controller.go:192.18,195.5 2 0
gitlab.eng.vmware.com/core-build/uhana_piran/controllers/localpv_controller.go:199.17,202.4 2 0
gitlab.eng.vmware.com/core-build/uhana_piran/controllers/localpv_controller.go:207.16,209.3 1 0
gitlab.eng.vmware.com/core-build/uhana_piran/controllers/localpv_controller.go:212.16,214.3 1 0
gitlab.eng.vmware.com/core-build/uhana_piran/controllers/localpv_controller.go:218.107,221.16 3 0
gitlab.eng.vmware.com/core-build/uhana_piran/controllers/localpv_controller.go:224.2,224.29 1 0
gitlab.eng.vmware.com/core-build/uhana_piran/controllers/localpv_controller.go:233.2,233.12 1 0
gitlab.eng.vmware.com/core-build/uhana_piran/controllers/localpv_controller.go:221.16,223.3 1 0
gitlab.eng.vmware.com/core-build/uhana_piran/controllers/localpv_controller.go:224.29,225.45 1 0
gitlab.eng.vmware.com/core-build/uhana_piran/controllers/localpv_controller.go:225.45,228.18 3 0
gitlab.eng.vmware.com/core-build/uhana_piran/controllers/localpv_controller.go:228.18,230.5 1 0
gitlab.eng.vmware.com/core-build/uhana_piran/controllers/localpv_controller.go:236.114,237.53 1 0
gitlab.eng.vmware.com/core-build/uhana_piran/controllers/localpv_controller.go:284.2,284.12 1 0
gitlab.eng.vmware.com/core-build/uhana_piran/controllers/localpv_controller.go:237.53,278.49 6 0
gitlab.eng.vmware.com/core-build/uhana_piran/controllers/localpv_controller.go:278.49,282.4 1 0
gitlab.eng.vmware.com/core-build/uhana_piran/controllers/localpv_controller.go:287.120,290.53 3 0
gitlab.eng.vmware.com/core-build/uhana_piran/controllers/localpv_controller.go:342.2,343.16 2 0
gitlab.eng.vmware.com/core-build/uhana_piran/controllers/localpv_controller.go:346.2,346.12 1 0
gitlab.eng.vmware.com/core-build/uhana_piran/controllers/localpv_controller.go:290.53,295.23 5 0
gitlab.eng.vmware.com/core-build/uhana_piran/controllers/localpv_controller.go:300.3,337.49 5 0
gitlab.eng.vmware.com/core-build/uhana_piran/controllers/localpv_controller.go:340.3,340.28 1 0
gitlab.eng.vmware.com/core-build/uhana_piran/controllers/localpv_controller.go:295.23,297.4 1 0
gitlab.eng.vmware.com/core-build/uhana_piran/controllers/localpv_controller.go:297.9,299.4 1 0
gitlab.eng.vmware.com/core-build/uhana_piran/controllers/localpv_controller.go:337.49,339.4 1 0
gitlab.eng.vmware.com/core-build/uhana_piran/controllers/localpv_controller.go:343.16,345.3 1 0
gitlab.eng.vmware.com/core-build/uhana_piran/controllers/localpv_controller.go:349.88,352.6 3 0
gitlab.eng.vmware.com/core-build/uhana_piran/controllers/localpv_controller.go:352.6,353.10 1 0
gitlab.eng.vmware.com/core-build/uhana_piran/controllers/localpv_controller.go:354.18,355.129 1 0
gitlab.eng.vmware.com/core-build/uhana_piran/controllers/localpv_controller.go:356.17,357.22 1 0
gitlab.eng.vmware.com/core-build/uhana_piran/controllers/localpv_controller.go:361.4,362.29 2 0
gitlab.eng.vmware.com/core-build/uhana_piran/controllers/localpv_controller.go:377.4,377.38 1 0
gitlab.eng.vmware.com/core-build/uhana_piran/controllers/localpv_controller.go:357.22,360.5 2 0
gitlab.eng.vmware.com/core-build/uhana_piran/controllers/localpv_controller.go:362.29,365.19 3 0
gitlab.eng.vmware.com/core-build/uhana_piran/controllers/localpv_controller.go:373.5,373.38 1 0
gitlab.eng.vmware.com/core-build/uhana_piran/controllers/localpv_controller.go:365.19,366.32 1 0
gitlab.eng.vmware.com/core-build/uhana_piran/controllers/localpv_controller.go:371.6,371.16 1 0
gitlab.eng.vmware.com/core-build/uhana_piran/controllers/localpv_controller.go:366.32,369.15 3 0
gitlab.eng.vmware.com/core-build/uhana_piran/controllers/localpv_controller.go:373.38,375.6 1 0
gitlab.eng.vmware.com/core-build/uhana_piran/controllers/localpv_controller.go:377.38,379.5 1 0
gitlab.eng.vmware.com/core-build/uhana_piran/controllers/localpv_controller.go:384.86,386.27 2 0
gitlab.eng.vmware.com/core-build/uhana_piran/controllers/localpv_controller.go:391.2,391.19 1 0
gitlab.eng.vmware.com/core-build/uhana_piran/controllers/localpv_controller.go:386.27,387.35 1 0
gitlab.eng.vmware.com/core-build/uhana_piran/controllers/localpv_controller.go:387.35,389.4 1 0
gitlab.eng.vmware.com/core-build/uhana_piran/controllers/localpv_controller.go:394.150,398.16 3 0
gitlab.eng.vmware.com/core-build/uhana_piran/controllers/localpv_controller.go:401.2,401.12 1 0
gitlab.eng.vmware.com/core-build/uhana_piran/controllers/localpv_controller.go:398.16,400.3 1 0
gitlab.eng.vmware.com/core-build/uhana_piran/controllers/localpv_controller.go:404.66,406.43 2 0
gitlab.eng.vmware.com/core-build/uhana_piran/controllers/localpv_controller.go:406.43,408.3 1 0
gitlab.eng.vmware.com/core-build/uhana_piran/controllers/localpv_controller.go:411.68,413.51 2 0
gitlab.eng.vmware.com/core-build/uhana_piran/controllers/localpv_controller.go:421.2,421.19 1 0
gitlab.eng.vmware.com/core-build/uhana_piran/controllers/localpv_controller.go:413.51,414.25 1 0
gitlab.eng.vmware.com/core-build/uhana_piran/controllers/localpv_controller.go:415.16,416.59 1 0
gitlab.eng.vmware.com/core-build/uhana_piran/controllers/localpv_controller.go:417.90,418.60 1 0
gitlab.eng.vmware.com/core-build/uhana_piran/controllers/localpv_controller.go:424.109,428.16 4 0
gitlab.eng.vmware.com/core-build/uhana_piran/controllers/localpv_controller.go:433.2,433.38 1 0
gitlab.eng.vmware.com/core-build/uhana_piran/controllers/localpv_controller.go:438.2,438.30 1 0
gitlab.eng.vmware.com/core-build/uhana_piran/controllers/localpv_controller.go:428.16,431.3 2 0
gitlab.eng.vmware.com/core-build/uhana_piran/controllers/localpv_controller.go:433.38,434.44 1 0
gitlab.eng.vmware.com/core-build/uhana_piran/controllers/localpv_controller.go:434.44,436.4 1 0
gitlab.eng.vmware.com/core-build/uhana_piran/controllers/localpv_controller.go:441.112,450.16 9 0
gitlab.eng.vmware.com/core-build/uhana_piran/controllers/localpv_controller.go:454.2,454.12 1 0
gitlab.eng.vmware.com/core-build/uhana_piran/controllers/localpv_controller.go:450.16,453.3 2 0
gitlab.eng.vmware.com/core-build/uhana_piran/controllers/localpv_controller.go:457.86,459.36 2 0
gitlab.eng.vmware.com/core-build/uhana_piran/controllers/localpv_controller.go:463.2,464.41 2 0
gitlab.eng.vmware.com/core-build/uhana_piran/controllers/localpv_controller.go:470.2,470.13 1 0
gitlab.eng.vmware.com/core-build/uhana_piran/controllers/localpv_controller.go:459.36,462.3 2 0
gitlab.eng.vmware.com/core-build/uhana_piran/controllers/localpv_controller.go:464.41,466.10 2 0
gitlab.eng.vmware.com/core-build/uhana_piran/controllers/localpv_controller.go:466.10,468.4 1 0
gitlab.eng.vmware.com/core-build/uhana_piran/controllers/localpv_controller.go:473.70,478.2 1 0
