mode: set
gitlab.eng.vmware.com/core-build/uhana_piran/controllers/localpv_controller.go:55.78,65.16 8 0
gitlab.eng.vmware.com/core-build/uhana_piran/controllers/localpv_controller.go:74.2,78.16 5 0
gitlab.eng.vmware.com/core-build/uhana_piran/controllers/localpv_controller.go:83.2,86.38 4 0
gitlab.eng.vmware.com/core-build/uhana_piran/controllers/localpv_controller.go:99.2,100.52 2 0
gitlab.eng.vmware.com/core-build/uhana_piran/controllers/localpv_controller.go:130.2,131.27 2 0
gitlab.eng.vmware.com/core-build/uhana_piran/controllers/localpv_controller.go:65.16,66.29 1 0
gitlab.eng.vmware.com/core-build/uhana_piran/controllers/localpv_controller.go:66.29,71.4 2 0
gitlab.eng.vmware.com/core-build/uhana_piran/controllers/localpv_controller.go:78.16,82.3 3 0
gitlab.eng.vmware.com/core-build/uhana_piran/controllers/localpv_controller.go:86.38,89.41 2 0
gitlab.eng.vmware.com/core-build/uhana_piran/controllers/localpv_controller.go:89.41,90.29 1 0
gitlab.eng.vmware.com/core-build/uhana_piran/controllers/localpv_controller.go:90.29,93.5 2 0
gitlab.eng.vmware.com/core-build/uhana_piran/controllers/localpv_controller.go:93.10,96.5 2 0
gitlab.eng.vmware.com/core-build/uhana_piran/controllers/localpv_controller.go:100.52,109.52 6 0
gitlab.eng.vmware.com/core-build/uhana_piran/controllers/localpv_controller.go:109.52,123.18 13 0
gitlab.eng.vmware.com/core-build/uhana_piran/controllers/localpv_controller.go:123.18,125.5 1 0
gitlab.eng.vmware.com/core-build/uhana_piran/controllers/localpv_controller.go:125.10,127.5 1 0
gitlab.eng.vmware.com/core-build/uhana_piran/controllers/localpv_controller.go:134.65,136.42 2 0
gitlab.eng.vmware.com/core-build/uhana_piran/controllers/localpv_controller.go:136.42,138.3 1 0
gitlab.eng.vmware.com/core-build/uhana_piran/controllers/localpv_controller.go:141.86,143.36 2 0
gitlab.eng.vmware.com/core-build/uhana_piran/controllers/localpv_controller.go:147.2,148.41 2 0
gitlab.eng.vmware.com/core-build/uhana_piran/controllers/localpv_controller.go:154.2,154.13 1 0
gitlab.eng.vmware.com/core-build/uhana_piran/controllers/localpv_controller.go:143.36,146.3 2 0
gitlab.eng.vmware.com/core-build/uhana_piran/controllers/localpv_controller.go:148.41,150.10 2 0
gitlab.eng.vmware.com/core-build/uhana_piran/controllers/localpv_controller.go:150.10,152.4 1 0
gitlab.eng.vmware.com/core-build/uhana_piran/controllers/localpv_controller.go:157.70,162.2 1 0
